
SQL*Loader: Release 12.2.0.1.0 - Production on Thu Aug 1 01:24:30 2019

Copyright (c) 1982, 2017, Oracle and/or its affiliates.  All rights reserved.

Control File:   C:\Users\Krutik\Desktop\DBMS\DBMS\code.sql
Data File:      C:\Users\Krutik\Desktop\DBMS\DBMS\Donations.txt
  Bad File:     C:\Users\Krutik\Desktop\DBMS\DBMS\Donations.bad
  Discard File:  none specified
 
 (Allow all discards)

Number to load: ALL
Number to skip: 0
Errors allowed: 50
Bind array:     64 rows, maximum of 256000 bytes
Continuation:    none specified
Path used:      Conventional

Table DONATIONS_STG, loaded from every logical record.
Insert option in effect for this table: TRUNCATE

   Column Name                  Position   Len  Term Encl Datatype
------------------------------ ---------- ----- ---- ---- ---------------------
ADDRESS                             FIRST     *   ,       CHARACTER            
DONORNAME                            NEXT     *   ,       CHARACTER            
DONATIONDATE                         NEXT     *   ,       CHARACTER            
DONATIONTIME                         NEXT     *   ,       CHARACTER            
AMOUNT                               NEXT     *   ,       CHARACTER            
DONATIONTYPE                         NEXT     *   ,       CHARACTER            
VOLUNTEERID                          NEXT     *   ,       CHARACTER            

Record 1: Rejected - Error on table DONATIONS_STG, column AMOUNT.
ORA-01722: invalid number


Table DONATIONS_STG:
  3 Rows successfully loaded.
  1 Row not loaded due to data errors.
  0 Rows not loaded because all WHEN clauses were failed.
  0 Rows not loaded because all fields were null.


Space allocated for bind array:                 115584 bytes(64 rows)
Read   buffer bytes: 1048576

Total logical records skipped:          0
Total logical records read:             4
Total logical records rejected:         1
Total logical records discarded:        0

Run began on Thu Aug 01 01:24:30 2019
Run ended on Thu Aug 01 01:24:31 2019

Elapsed time was:     00:00:00.38
CPU time was:         00:00:00.06
